0 verbose cli /usr/bin/node /usr/bin/npm
1 info using npm@9.2.0
2 info using node@v18.19.1
3 timing npm:load:whichnode Completed in 0ms
4 timing config:load:defaults Completed in 9ms
5 timing config:load:file:/usr/share/nodejs/npm/npmrc Completed in 56ms
6 timing config:load:builtin Completed in 56ms
7 timing config:load:cli Completed in 4ms
8 timing config:load:env Completed in 0ms
9 timing config:load:project Completed in 7ms
10 timing config:load:file:/home/dude/.npmrc Completed in 1ms
11 timing config:load:user Completed in 1ms
12 timing config:load:file:/etc/npmrc Completed in 1ms
13 timing config:load:global Completed in 2ms
14 timing config:load:setEnvs Completed in 9ms
15 timing config:load Completed in 92ms
16 timing npm:load:configload Completed in 92ms
17 timing npm:load:mkdirpcache Completed in 2ms
18 timing npm:load:mkdirplogs Completed in 2ms
19 verbose title npm root
20 verbose argv "root" "--global"
21 timing npm:load:setTitle Completed in 2ms
22 timing config:load:flatten Completed in 7ms
23 timing npm:load:display Completed in 9ms
24 verbose logfile logs-max:10 dir:/home/dude/statarb/.cache/npm/_logs/2026-02-03T20_09_30_406Z-
25 verbose logfile /home/dude/statarb/.cache/npm/_logs/2026-02-03T20_09_30_406Z-debug-0.log
26 timing npm:load:logFile Completed in 12ms
27 timing npm:load:timers Completed in 0ms
28 timing npm:load:configScope Completed in 0ms
29 timing npm:load Completed in 120ms
30 timing command:root Completed in 6ms
31 verbose exit 0
32 timing npm Completed in 148ms
33 info ok
